mode: set
api_crud/internal/refresh_token.sql.go:25.95,28.2 2 1
api_crud/internal/refresh_token.sql.go:36.68,39.2 2 1
api_crud/internal/refresh_token.sql.go:47.79,50.2 2 1
api_crud/internal/refresh_token.sql.go:80.98,97.2 4 1
api_crud/internal/refresh_token.sql.go:114.125,116.16 2 1
api_crud/internal/refresh_token.sql.go:119.2,121.18 3 1
api_crud/internal/refresh_token.sql.go:136.2,136.37 1 1
api_crud/internal/refresh_token.sql.go:139.2,139.35 1 1
api_crud/internal/refresh_token.sql.go:142.2,142.19 1 1
api_crud/internal/refresh_token.sql.go:116.16,118.3 1 0
api_crud/internal/refresh_token.sql.go:121.18,131.17 2 1
api_crud/internal/refresh_token.sql.go:134.3,134.27 1 1
api_crud/internal/refresh_token.sql.go:131.17,133.4 1 0
api_crud/internal/refresh_token.sql.go:136.37,138.3 1 0
api_crud/internal/refresh_token.sql.go:139.35,141.3 1 0
api_crud/internal/user.sql.go:29.87,58.2 4 1
api_crud/internal/user.sql.go:69.75,72.2 2 1
api_crud/internal/user.sql.go:102.95,115.16 2 1
api_crud/internal/user.sql.go:118.2,120.18 3 1
api_crud/internal/user.sql.go:143.2,143.37 1 1
api_crud/internal/user.sql.go:146.2,146.35 1 1
api_crud/internal/user.sql.go:149.2,149.19 1 1
api_crud/internal/user.sql.go:115.16,117.3 1 0
api_crud/internal/user.sql.go:120.18,138.17 2 1
api_crud/internal/user.sql.go:141.3,141.27 1 1
api_crud/internal/user.sql.go:138.17,140.4 1 0
api_crud/internal/user.sql.go:143.37,145.3 1 0
api_crud/internal/user.sql.go:146.35,148.3 1 0
api_crud/internal/user.sql.go:157.69,162.2 4 1
api_crud/internal/user.sql.go:171.80,192.2 4 1
api_crud/internal/user.sql.go:220.79,231.2 2 1
api_crud/internal/auth.sql.go:21.84,26.2 4 1
api_crud/internal/auth.sql.go:36.108,41.2 4 1
api_crud/internal/auth.sql.go:57.127,62.2 4 1
api_crud/internal/auth.sql.go:70.84,91.2 4 1
api_crud/internal/auth.sql.go:99.103,120.2 4 1
api_crud/internal/auth.sql.go:142.93,153.2 4 1
api_crud/internal/auth.sql.go:173.91,204.2 4 1
api_crud/internal/auth.sql.go:221.79,249.2 4 1
api_crud/internal/auth.sql.go:266.125,269.2 2 1
api_crud/internal/auth.sql.go:284.101,287.2 2 1
api_crud/internal/auth.sql.go:300.95,303.2 2 1
api_crud/internal/auth.sql.go:319.95,327.2 2 1
api_crud/internal/db.go:17.28,19.2 1 1
api_crud/internal/db.go:25.47,29.2 1 0
api_crud/internal/file.sql.go:34.96,50.2 4 1
api_crud/internal/file.sql.go:56.77,59.2 2 1
api_crud/internal/file.sql.go:67.87,81.2 4 1
api_crud/internal/models.go:24.50,25.25 1 1
api_crud/internal/models.go:33.2,33.12 1 1
api_crud/internal/models.go:26.14,27.21 1 1
api_crud/internal/models.go:28.14,29.21 1 0
api_crud/internal/models.go:30.10,31.69 1 0
api_crud/internal/models.go:44.44,45.25 1 1
api_crud/internal/models.go:53.2,53.12 1 1
api_crud/internal/models.go:46.14,47.15 1 1
api_crud/internal/models.go:48.14,49.15 1 0
api_crud/internal/models.go:50.10,51.63 1 0
api_crud/internal/product.sql.go:24.96,43.2 4 1
api_crud/internal/product.sql.go:51.74,54.2 2 1
api_crud/internal/product.sql.go:61.74,63.16 2 1
api_crud/internal/product.sql.go:66.2,68.18 3 1
api_crud/internal/product.sql.go:84.2,84.37 1 1
api_crud/internal/product.sql.go:87.2,87.35 1 1
api_crud/internal/product.sql.go:90.2,90.19 1 1
api_crud/internal/product.sql.go:63.16,65.3 1 0
api_crud/internal/product.sql.go:68.18,79.17 2 1
api_crud/internal/product.sql.go:82.3,82.27 1 1
api_crud/internal/product.sql.go:79.17,81.4 1 0
api_crud/internal/product.sql.go:84.37,86.3 1 0
api_crud/internal/product.sql.go:87.35,89.3 1 0
api_crud/internal/product.sql.go:117.104,128.16 2 1
api_crud/internal/product.sql.go:131.2,133.18 3 1
api_crud/internal/product.sql.go:149.2,149.37 1 1
api_crud/internal/product.sql.go:152.2,152.35 1 1
api_crud/internal/product.sql.go:155.2,155.19 1 1
api_crud/internal/product.sql.go:128.16,130.3 1 0
api_crud/internal/product.sql.go:133.18,144.17 2 1
api_crud/internal/product.sql.go:147.3,147.27 1 1
api_crud/internal/product.sql.go:144.17,146.4 1 0
api_crud/internal/product.sql.go:149.37,151.3 1 0
api_crud/internal/product.sql.go:152.35,154.3 1 0
api_crud/internal/product.sql.go:163.73,168.2 4 1
api_crud/internal/product.sql.go:176.82,190.2 4 1
api_crud/internal/product.sql.go:198.102,200.16 2 1
api_crud/internal/product.sql.go:203.2,205.18 3 1
api_crud/internal/product.sql.go:221.2,221.37 1 1
api_crud/internal/product.sql.go:224.2,224.35 1 1
api_crud/internal/product.sql.go:227.2,227.19 1 1
api_crud/internal/product.sql.go:200.16,202.3 1 0
api_crud/internal/product.sql.go:205.18,216.17 2 1
api_crud/internal/product.sql.go:219.3,219.27 1 1
api_crud/internal/product.sql.go:216.17,218.4 1 0
api_crud/internal/product.sql.go:221.37,223.3 1 0
api_crud/internal/product.sql.go:224.35,226.3 1 0
api_crud/internal/product.sql.go:244.85,253.2 2 1
